#
# There is insufficient memory for the Java Runtime Environment to continue.
# Native memory allocation (mmap) failed to map 8388608 bytes for Failed to commit area from 0x0000000082800000 to 0x0000000083000000 of length 8388608.
# Possible reasons:
#   The system is out of physical RAM or swap space
#   The process is running with CompressedOops enabled, and the Java Heap may be blocking the growth of the native heap
# Possible solutions:
#   Reduce memory load on the system
#   Increase physical memory or swap space
#   Check if swap backing store is full
#   Decrease Java heap size (-Xmx/-Xms)
#   Decrease number of Java threads
#   Decrease Java thread stack sizes (-Xss)
#   Set larger code cache with -XX:ReservedCodeCacheSize=
# This output file may be truncated or incomplete.
#
#  Out of Memory Error (./open/src/hotspot/os/windows/os_windows.cpp:3298), pid=31012, tid=22348
#
# JRE version:  (11.0.24+7) (build )
# Java VM: Java HotSpot(TM) 64-Bit Server VM (11.0.24+7-LTS-271, mixed mode, sharing, tiered, compressed oops, g1 gc, windows-amd64)
# No core dump will be written. Minidumps are not enabled by default on client versions of Windows
#

---------------  S U M M A R Y ------------

Command Line: -Denv.class.path=D:\jogl25\jar\jogl-all.jar;D:\jogl25\jar\gluegen-rt.jar; -Dapplication.home=D:\Java11 --add-modules=ALL-DEFAULT -Xms8m -Djdk.module.main=jdk.compiler jdk.compiler/com.sun.tools.javac.Main Spacecraft.java

Host: Intel(R) Core(TM) i5-10210U CPU @ 1.60GHz, 8 cores, 7G,  Windows 11 , 64 bit Build 22621 (10.0.22621.4391)
Time: Sun Dec  8 18:04:34 2024 GMT Standard Time elapsed time: 0.013470 seconds (0d 0h 0m 0s)

---------------  T H R E A D  ---------------

Current thread (0x0000027dc21e4800):  JavaThread "Unknown thread" [_thread_in_vm, id=22348, stack(0x000000f24cd00000,0x000000f24ce00000)]

Stack: [0x000000f24cd00000,0x000000f24ce00000]
Native frames: (J=compiled Java code, j=interpreted, Vv=VM code, C=native code)
V  [jvm.dll+0x657ffa]
V  [jvm.dll+0x799f7f]
V  [jvm.dll+0x79b649]
V  [jvm.dll+0x79bcf3]
V  [jvm.dll+0x255535]
V  [jvm.dll+0x655359]
V  [jvm.dll+0x64a175]
V  [jvm.dll+0x3100ad]
V  [jvm.dll+0x30ff12]
V  [jvm.dll+0x314c96]
V  [jvm.dll+0x358200]
V  [jvm.dll+0x357c72]
V  [jvm.dll+0x2eb1a8]
V  [jvm.dll+0x2ec2c5]
V  [jvm.dll+0x7734e7]
V  [jvm.dll+0x774d6f]
V  [jvm.dll+0x365369]
V  [jvm.dll+0x757b9f]
V  [jvm.dll+0x3d7167]
V  [jvm.dll+0x3d9291]
C  [jli.dll+0x52e7]
C  [ucrtbase.dll+0x29333]
C  [KERNEL32.DLL+0x1259d]
C  [ntdll.dll+0x5af38]


---------------  P R O C E S S  ---------------

Threads class SMR info:
_java_thread_list=0x0000027dbfe93be0, length=0, elements={
}

Java Threads: ( => current thread )

Other Threads:
  0x0000027dc21f6000 GCTaskThread "GC Thread#0" [stack: 0x000000f24ce00000,0x000000f24cf00000] [id=33312]
  0x0000027dc2226800 ConcurrentGCThread "G1 Main Marker" [stack: 0x000000f24cf00000,0x000000f24d000000] [id=15240]
  0x0000027dc2228800 ConcurrentGCThread "G1 Conc#0" [stack: 0x000000f24d000000,0x000000f24d100000] [id=3840]

[error occurred during error reporting (printing all threads), id 0xc0000005, EXCEPTION_ACCESS_VIOLATION (0xc0000005) at pc=0x00007ff8fac4b867]

VM state:not at safepoint (not fully initialized)

VM Mutex/Monitor currently owned by a thread:  ([mutex/lock_event])
[0x0000027dc21e2430] Heap_lock - owner thread: 0x0000027dc21e4800

Heap address: 0x0000000082800000, size: 2008 MB, Compressed Oops mode: Non-zero based: 0x0000000082800000
Narrow klass base: 0x0000000000000000, Narrow klass shift: 0

GC Heap History (0 events):
No events

Deoptimization events (0 events):
No events

Classes redefined (0 events):
No events

Internal exceptions (0 events):
No events

Events (0 events):
No events


Dynamic libraries:
0x00007ff6b1570000 - 0x00007ff6b1578000 	D:\Java11\bin\javac.exe
0x00007ff9a99b0000 - 0x00007ff9a9bc7000 	C:\WINDOWS\SYSTEM32\ntdll.dll
0x00007ff9a7f60000 - 0x00007ff9a8024000 	C:\WINDOWS\System32\KERNEL32.DLL
0x00007ff9a6f60000 - 0x00007ff9a7319000 	C:\WINDOWS\System32\KERNELBASE.dll
0x00007ff9a75b0000 - 0x00007ff9a76c1000 	C:\WINDOWS\System32\ucrtbase.dll
0x00007ff984cd0000 - 0x00007ff984ceb000 	D:\Java11\bin\VCRUNTIME140.dll
0x00007ff999ff0000 - 0x00007ff99a009000 	D:\Java11\bin\jli.dll
0x00007ff9a9220000 - 0x00007ff9a92d2000 	C:\WINDOWS\System32\ADVAPI32.dll
0x00007ff9a9390000 - 0x00007ff9a9437000 	C:\WINDOWS\System32\msvcrt.dll
0x00007ff9a9440000 - 0x00007ff9a94e7000 	C:\WINDOWS\System32\sechost.dll
0x00007ff9a6d20000 - 0x00007ff9a6d48000 	C:\WINDOWS\System32\bcrypt.dll
0x00007ff9a8ca0000 - 0x00007ff9a8db4000 	C:\WINDOWS\System32\RPCRT4.dll
0x00007ff9a8220000 - 0x00007ff9a83ce000 	C:\WINDOWS\System32\USER32.dll
0x00007ff9a6d50000 - 0x00007ff9a6d76000 	C:\WINDOWS\System32\win32u.dll
0x00007ff9844f0000 - 0x00007ff984782000 	C:\WINDOWS\WinSxS\amd64_microsoft.windows.common-controls_6595b64144ccf1df_6.0.22621.4391_none_2715d37f73803e96\COMCTL32.dll
0x00007ff9a83f0000 - 0x00007ff9a8419000 	C:\WINDOWS\System32\GDI32.dll
0x00007ff9a6e40000 - 0x00007ff9a6f5b000 	C:\WINDOWS\System32\gdi32full.dll
0x00007ff9a73a0000 - 0x00007ff9a743a000 	C:\WINDOWS\System32\msvcp_win.dll
0x00007ff99dc50000 - 0x00007ff99dc5a000 	C:\WINDOWS\SYSTEM32\VERSION.dll
0x00007ff9a81e0000 - 0x00007ff9a8211000 	C:\WINDOWS\System32\IMM32.DLL
0x00007ff99a120000 - 0x00007ff99a12c000 	D:\Java11\bin\vcruntime140_1.dll
0x00007ff95be60000 - 0x00007ff95beee000 	D:\Java11\bin\msvcp140.dll
0x00007ff8fa950000 - 0x00007ff8fb4b2000 	D:\Java11\bin\server\jvm.dll
0x00007ff9a7970000 - 0x00007ff9a7978000 	C:\WINDOWS\System32\PSAPI.DLL
0x00007ff9a4780000 - 0x00007ff9a47b4000 	C:\WINDOWS\SYSTEM32\WINMM.dll
0x00007ff990bf0000 - 0x00007ff990bf9000 	C:\WINDOWS\SYSTEM32\WSOCK32.dll
0x00007ff9a79e0000 - 0x00007ff9a7a51000 	C:\WINDOWS\System32\WS2_32.dll
0x00007ff9a5da0000 - 0x00007ff9a5db8000 	C:\WINDOWS\SYSTEM32\kernel.appcore.dll
0x00007ff990b50000 - 0x00007ff990b60000 	D:\Java11\bin\verify.dll
0x00007ff9a42e0000 - 0x00007ff9a4512000 	C:\WINDOWS\SYSTEM32\DBGHELP.DLL
0x00007ff9a7b70000 - 0x00007ff9a7eff000 	C:\WINDOWS\System32\combase.dll
0x00007ff9a7830000 - 0x00007ff9a7907000 	C:\WINDOWS\System32\OLEAUT32.dll
0x00007ff99c330000 - 0x00007ff99c362000 	C:\WINDOWS\SYSTEM32\dbgcore.DLL
0x00007ff9a7320000 - 0x00007ff9a739b000 	C:\WINDOWS\System32\bcryptPrimitives.dll
0x00007ff984bf0000 - 0x00007ff984c18000 	D:\Java11\bin\java.dll
0x00007ff990b30000 - 0x00007ff990b3a000 	D:\Java11\bin\jimage.dll
0x00007ff984bd0000 - 0x00007ff984be7000 	D:\Java11\bin\zip.dll

dbghelp: loaded successfully - version: 4.0.5 - missing functions: none
symbol engine: initialized successfully - sym options: 0x614 - pdb path: .;D:\Java11\bin;C:\WINDOWS\SYSTEM32;C:\WINDOWS\WinSxS\amd64_microsoft.windows.common-controls_6595b64144ccf1df_6.0.22621.4391_none_2715d37f73803e96;D:\Java11\bin\server

VM Arguments:
jvm_args: -Denv.class.path=D:\jogl25\jar\jogl-all.jar;D:\jogl25\jar\gluegen-rt.jar; -Dapplication.home=D:\Java11 --add-modules=ALL-DEFAULT -Xms8m -Djdk.module.main=jdk.compiler 
java_command: jdk.compiler/com.sun.tools.javac.Main Spacecraft.java
java_class_path (initial): <not set>
Launcher Type: SUN_STANDARD

[Global flags]
     intx CICompilerCount                          = 4                                         {product} {ergonomic}
     uint ConcGCThreads                            = 2                                         {product} {ergonomic}
     uint G1ConcRefinementThreads                  = 8                                         {product} {ergonomic}
   size_t G1HeapRegionSize                         = 1048576                                   {product} {ergonomic}
    uintx GCDrainStackTargetSize                   = 64                                        {product} {ergonomic}
   size_t InitialHeapSize                          = 8388608                                   {product} {command line}
   size_t MarkStackSize                            = 4194304                                   {product} {ergonomic}
   size_t MaxHeapSize                              = 2105540608                                {product} {ergonomic}
   size_t MinHeapDeltaBytes                        = 1048576                                   {product} {ergonomic}
    uintx NonNMethodCodeHeapSize                   = 5836300                                {pd product} {ergonomic}
    uintx NonProfiledCodeHeapSize                  = 122910970                              {pd product} {ergonomic}
    uintx ProfiledCodeHeapSize                     = 122910970                              {pd product} {ergonomic}
    uintx ReservedCodeCacheSize                    = 251658240                              {pd product} {ergonomic}
     bool SegmentedCodeCache                       = true                                      {product} {ergonomic}
     bool UseCompressedClassPointers               = true                                 {lp64_product} {ergonomic}
     bool UseCompressedOops                        = true                                 {lp64_product} {ergonomic}
     bool UseG1GC                                  = true                                      {product} {ergonomic}
     bool UseLargePagesIndividualAllocation        = false                                  {pd product} {ergonomic}

Logging:
Log output configuration:
 #0: stdout all=warning uptime,level,tags
 #1: stderr all=off uptime,level,tags

Environment Variables:
JAVA_HOME=D:\Java11
CLASSPATH=D:\jogl25\jar\jogl-all.jar;D:\jogl25\jar\gluegen-rt.jar;
PATH=D:\Java11\bin;D:\jogl25\lib;
USERNAME=kahyee
OS=Windows_NT
PROCESSOR_IDENTIFIER=Intel64 Family 6 Model 142 Stepping 12, GenuineIntel



---------------  S Y S T E M  ---------------

OS: Windows 11 , 64 bit Build 22621 (10.0.22621.4391)
Hyper-V role detected

CPU:total 8 (initial active 8) (4 cores per cpu, 2 threads per core) family 6 model 142 stepping 12 microcode 0xde, cmov, cx8, fxsr, mmx, sse, sse2, sse3, ssse3, sse4.1, sse4.2, popcnt, avx, avx2, aes, clmul, erms, 3dnowpref, lzcnt, ht, tsc, tscinvbit, bmi1, bmi2, adx, fma

Memory: 4k page, system-wide physical 8025M (877M free)
TotalPageFile size 32601M (AvailPageFile size 6M)
current process WorkingSet (physical memory assigned to process): 11M, peak: 11M
current process commit charge ("private bytes"): 60M, peak: 68M

vm_info: Java HotSpot(TM) 64-Bit Server VM (11.0.24+7-LTS-271) for windows-amd64 JRE (11.0.24+7-LTS-271), built on Jun  5 2024 06:54:11 by "mach5one" with MS VC++ 17.6 (VS2022)

END.
